<?xml version="1.0" encoding="UTF-8"?>
<testsuite name="games.game2048.TestAddingValue" tests="4" skipped="0" failures="0" errors="0" timestamp="2024-04-21T15:57:40" hostname="LM0006207" time="0.01">
  <properties/>
  <testcase name="test1" classname="games.game2048.TestAddingValue" time="0.009"/>
  <testcase name="test2" classname="games.game2048.TestAddingValue" time="0.0"/>
  <testcase name="test3" classname="games.game2048.TestAddingValue" time="0.0"/>
  <testcase name="test4" classname="games.game2048.TestAddingValue" time="0.0"/>
  <system-out><![CDATA[input - 0..18
input - 0..18
input - 0..18
input - 0..18
]]></system-out>
  <system-err><![CDATA[]]></system-err>
</testsuite>
